# JRE version: Java(TM) SE Runtime Environment (8.0_72-b15) (build 1.8.0_72-b15)
# Java VM: Java HotSpot(TM) Client VM (25.72-b15 mixed mode windows-x86 )
Heap:
 def new generation   total 4928K, used 1035K [0x04a00000, 0x04f50000, 0x09f50000)
  eden space 4416K,  20% used [0x04a00000, 0x04ae5f48, 0x04e50000)
  from space 512K,  22% used [0x04e50000, 0x04e6ce48, 0x04ed0000)
  to   space 512K,   0% used [0x04ed0000, 0x04ed0000, 0x04f50000)
 tenured generation   total 10944K, used 7736K [0x09f50000, 0x0aa00000, 0x14a00000)
   the space 10944K,  70% used [0x09f50000, 0x0a6de178, 0x0a6de200, 0x0aa00000)
 Metaspace       used 10265K, capacity 10505K, committed 10624K, reserved 10624K
GC Heap History (10 events):
Event: 19.894 GC heap before
{Heap before GC invocations=161 (full 0):
 def new generation   total 4928K, used 4531K [0x04a00000, 0x04f50000, 0x09f50000)
  eden space 4416K, 100% used [0x04a00000, 0x04e50000, 0x04e50000)
  from space 512K,  22% used [0x04ed0000, 0x04eece48, 0x04f50000)
  to   space 512K,   0% used [0x04e50000, 0x04e50000, 0x04ed0000)
 tenured generation   total 10944K, used 7707K [0x09f50000, 0x0aa00000, 0x14a00000)
   the space 10944K,  70% used [0x09f50000, 0x0a6d6fb8, 0x0a6d7000, 0x0aa00000)
 Metaspace       used 10262K, capacity 10505K, committed 10624K, reserved 10624K
Event: 19.895 GC heap after
Heap after GC invocations=162 (full 0):
 def new generation   total 4928K, used 115K [0x04a00000, 0x04f50000, 0x09f50000)
  eden space 4416K,   0% used [0x04a00000, 0x04a00000, 0x04e50000)
  from space 512K,  22% used [0x04e50000, 0x04e6ce48, 0x04ed0000)
  to   space 512K,   0% used [0x04ed0000, 0x04ed0000, 0x04f50000)
 tenured generation   total 10944K, used 7713K [0x09f50000, 0x0aa00000, 0x14a00000)
   the space 10944K,  70% used [0x09f50000, 0x0a6d8678, 0x0a6d8800, 0x0aa00000)
 Metaspace       used 10262K, capacity 10505K, committed 10624K, reserved 10624K
}
Event: 19.977 GC heap before
{Heap before GC invocations=162 (full 0):
 def new generation   total 4928K, used 4531K [0x04a00000, 0x04f50000, 0x09f50000)
  eden space 4416K, 100% used [0x04a00000, 0x04e50000, 0x04e50000)
  from space 512K,  22% used [0x04e50000, 0x04e6ce48, 0x04ed0000)
  to   space 512K,   0% used [0x04ed0000, 0x04ed0000, 0x04f50000)
 tenured generation   total 10944K, used 7713K [0x09f50000, 0x0aa00000, 0x14a00000)
   the space 10944K,  70% used [0x09f50000, 0x0a6d8678, 0x0a6d8800, 0x0aa00000)
 Metaspace       used 10262K, capacity 10505K, committed 10624K, reserved 10624K
Event: 19.979 GC heap after
Heap after GC invocations=163 (full 0):
 def new generation   total 4928K, used 115K [0x04a00000, 0x04f50000, 0x09f50000)
  eden space 4416K,   0% used [0x04a00000, 0x04a00000, 0x04e50000)
  from space 512K,  22% used [0x04ed0000, 0x04eece48, 0x04f50000)
  to   space 512K,   0% used [0x04e50000, 0x04e50000, 0x04ed0000)
 tenured generation   total 10944K, used 7719K [0x09f50000, 0x0aa00000, 0x14a00000)
   the space 10944K,  70% used [0x09f50000, 0x0a6d9d38, 0x0a6d9e00, 0x0aa00000)
 Metaspace       used 10262K, capacity 10505K, committed 10624K, reserved 10624K
}
Event: 20.075 GC heap before
{Heap before GC invocations=163 (full 0):
 def new generation   total 4928K, used 4531K [0x04a00000, 0x04f50000, 0x09f50000)
  eden space 4416K, 100% used [0x04a00000, 0x04e50000, 0x04e50000)
  from space 512K,  22% used [0x04ed0000, 0x04eece48, 0x04f50000)
  to   space 512K,   0% used [0x04e50000, 0x04e50000, 0x04ed0000)
 tenured generation   total 10944K, used 7719K [0x09f50000, 0x0aa00000, 0x14a00000)
   the space 10944K,  70% used [0x09f50000, 0x0a6d9d38, 0x0a6d9e00, 0x0aa00000)
 Metaspace       used 10262K, capacity 10505K, committed 10624K, reserved 10624K
Event: 20.078 GC heap after
Heap after GC invocations=164 (full 0):
 def new generation   total 4928K, used 115K [0x04a00000, 0x04f50000, 0x09f50000)
  eden space 4416K,   0% used [0x04a00000, 0x04a00000, 0x04e50000)
  from space 512K,  22% used [0x04e50000, 0x04e6ce48, 0x04ed0000)
  to   space 512K,   0% used [0x04ed0000, 0x04ed0000, 0x04f50000)
 tenured generation   total 10944K, used 7724K [0x09f50000, 0x0aa00000, 0x14a00000)
   the space 10944K,  70% used [0x09f50000, 0x0a6db3f8, 0x0a6db400, 0x0aa00000)
 Metaspace       used 10262K, capacity 10505K, committed 10624K, reserved 10624K
}
Event: 20.229 GC heap before
{Heap before GC invocations=164 (full 0):
 def new generation   total 4928K, used 4531K [0x04a00000, 0x04f50000, 0x09f50000)
  eden space 4416K, 100% used [0x04a00000, 0x04e50000, 0x04e50000)
  from space 512K,  22% used [0x04e50000, 0x04e6ce48, 0x04ed0000)
  to   space 512K,   0% used [0x04ed0000, 0x04ed0000, 0x04f50000)
 tenured generation   total 10944K, used 7724K [0x09f50000, 0x0aa00000, 0x14a00000)
   the space 10944K,  70% used [0x09f50000, 0x0a6db3f8, 0x0a6db400, 0x0aa00000)
 Metaspace       used 10262K, capacity 10505K, committed 10624K, reserved 10624K
Event: 20.230 GC heap after
Heap after GC invocations=165 (full 0):
 def new generation   total 4928K, used 115K [0x04a00000, 0x04f50000, 0x09f50000)
  eden space 4416K,   0% used [0x04a00000, 0x04a00000, 0x04e50000)
  from space 512K,  22% used [0x04ed0000, 0x04eece48, 0x04f50000)
  to   space 512K,   0% used [0x04e50000, 0x04e50000, 0x04ed0000)
 tenured generation   total 10944K, used 7730K [0x09f50000, 0x0aa00000, 0x14a00000)
   the space 10944K,  70% used [0x09f50000, 0x0a6dcab8, 0x0a6dcc00, 0x0aa00000)
 Metaspace       used 10262K, capacity 10505K, committed 10624K, reserved 10624K
}
Event: 20.390 GC heap before
{Heap before GC invocations=165 (full 0):
 def new generation   total 4928K, used 4531K [0x04a00000, 0x04f50000, 0x09f50000)
  eden space 4416K, 100% used [0x04a00000, 0x04e50000, 0x04e50000)
  from space 512K,  22% used [0x04ed0000, 0x04eece48, 0x04f50000)
  to   space 512K,   0% used [0x04e50000, 0x04e50000, 0x04ed0000)
 tenured generation   total 10944K, used 7730K [0x09f50000, 0x0aa00000, 0x14a00000)
   the space 10944K,  70% used [0x09f50000, 0x0a6dcab8, 0x0a6dcc00, 0x0aa00000)
 Metaspace       used 10262K, capacity 10505K, committed 10624K, reserved 10624K
Event: 20.391 GC heap after
Heap after GC invocations=166 (full 0):
 def new generation   total 4928K, used 115K [0x04a00000, 0x04f50000, 0x09f50000)
  eden space 4416K,   0% used [0x04a00000, 0x04a00000, 0x04e50000)
  from space 512K,  22% used [0x04e50000, 0x04e6ce48, 0x04ed0000)
  to   space 512K,   0% used [0x04ed0000, 0x04ed0000, 0x04f50000)
 tenured generation   total 10944K, used 7736K [0x09f50000, 0x0aa00000, 0x14a00000)
   the space 10944K,  70% used [0x09f50000, 0x0a6de178, 0x0a6de200, 0x0aa00000)
 Metaspace       used 10262K, capacity 10505K, committed 10624K, reserved 10624K
}

