# JRE version: Java(TM) SE Runtime Environment (8.0_72-b15) (build 1.8.0_72-b15)
# Java VM: Java HotSpot(TM) Client VM (25.72-b15 mixed mode windows-x86 )
Heap:
 def new generation   total 4928K, used 400K [0x04800000, 0x04d50000, 0x09d50000)
  eden space 4416K,   3% used [0x04800000, 0x04827600, 0x04c50000)
  from space 512K,  47% used [0x04cd0000, 0x04d0cbc8, 0x04d50000)
  to   space 512K,   0% used [0x04c50000, 0x04c50000, 0x04cd0000)
 tenured generation   total 10944K, used 7263K [0x09d50000, 0x0a800000, 0x14800000)
   the space 10944K,  66% used [0x09d50000, 0x0a467e90, 0x0a468000, 0x0a800000)
 Metaspace       used 10056K, capacity 10261K, committed 10368K, reserved 10624K
GC Heap History (10 events):
Event: 17.108 GC heap before
{Heap before GC invocations=140 (full 0):
 def new generation   total 4928K, used 4658K [0x04800000, 0x04d50000, 0x09d50000)
  eden space 4416K, 100% used [0x04800000, 0x04c50000, 0x04c50000)
  from space 512K,  47% used [0x04c50000, 0x04c8c978, 0x04cd0000)
  to   space 512K,   0% used [0x04cd0000, 0x04cd0000, 0x04d50000)
 tenured generation   total 10944K, used 7236K [0x09d50000, 0x0a800000, 0x14800000)
   the space 10944K,  66% used [0x09d50000, 0x0a461130, 0x0a461200, 0x0a800000)
 Metaspace       used 10056K, capacity 10261K, committed 10368K, reserved 10624K
Event: 17.110 GC heap after
Heap after GC invocations=141 (full 0):
 def new generation   total 4928K, used 242K [0x04800000, 0x04d50000, 0x09d50000)
  eden space 4416K,   0% used [0x04800000, 0x04800000, 0x04c50000)
  from space 512K,  47% used [0x04cd0000, 0x04d0cbc8, 0x04d50000)
  to   space 512K,   0% used [0x04c50000, 0x04c50000, 0x04cd0000)
 tenured generation   total 10944K, used 7241K [0x09d50000, 0x0a800000, 0x14800000)
   the space 10944K,  66% used [0x09d50000, 0x0a462710, 0x0a462800, 0x0a800000)
 Metaspace       used 10056K, capacity 10261K, committed 10368K, reserved 10624K
}
Event: 17.220 GC heap before
{Heap before GC invocations=141 (full 0):
 def new generation   total 4928K, used 4658K [0x04800000, 0x04d50000, 0x09d50000)
  eden space 4416K, 100% used [0x04800000, 0x04c50000, 0x04c50000)
  from space 512K,  47% used [0x04cd0000, 0x04d0cbc8, 0x04d50000)
  to   space 512K,   0% used [0x04c50000, 0x04c50000, 0x04cd0000)
 tenured generation   total 10944K, used 7241K [0x09d50000, 0x0a800000, 0x14800000)
   the space 10944K,  66% used [0x09d50000, 0x0a462710, 0x0a462800, 0x0a800000)
 Metaspace       used 10056K, capacity 10261K, committed 10368K, reserved 10624K
Event: 17.222 GC heap after
Heap after GC invocations=142 (full 0):
 def new generation   total 4928K, used 242K [0x04800000, 0x04d50000, 0x09d50000)
  eden space 4416K,   0% used [0x04800000, 0x04800000, 0x04c50000)
  from space 512K,  47% used [0x04c50000, 0x04c8cbc8, 0x04cd0000)
  to   space 512K,   0% used [0x04cd0000, 0x04cd0000, 0x04d50000)
 tenured generation   total 10944K, used 7247K [0x09d50000, 0x0a800000, 0x14800000)
   the space 10944K,  66% used [0x09d50000, 0x0a463cf0, 0x0a463e00, 0x0a800000)
 Metaspace       used 10056K, capacity 10261K, committed 10368K, reserved 10624K
}
Event: 17.331 GC heap before
{Heap before GC invocations=142 (full 0):
 def new generation   total 4928K, used 4658K [0x04800000, 0x04d50000, 0x09d50000)
  eden space 4416K, 100% used [0x04800000, 0x04c50000, 0x04c50000)
  from space 512K,  47% used [0x04c50000, 0x04c8cbc8, 0x04cd0000)
  to   space 512K,   0% used [0x04cd0000, 0x04cd0000, 0x04d50000)
 tenured generation   total 10944K, used 7247K [0x09d50000, 0x0a800000, 0x14800000)
   the space 10944K,  66% used [0x09d50000, 0x0a463cf0, 0x0a463e00, 0x0a800000)
 Metaspace       used 10056K, capacity 10261K, committed 10368K, reserved 10624K
Event: 17.334 GC heap after
Heap after GC invocations=143 (full 0):
 def new generation   total 4928K, used 242K [0x04800000, 0x04d50000, 0x09d50000)
  eden space 4416K,   0% used [0x04800000, 0x04800000, 0x04c50000)
  from space 512K,  47% used [0x04cd0000, 0x04d0cbc8, 0x04d50000)
  to   space 512K,   0% used [0x04c50000, 0x04c50000, 0x04cd0000)
 tenured generation   total 10944K, used 7252K [0x09d50000, 0x0a800000, 0x14800000)
   the space 10944K,  66% used [0x09d50000, 0x0a4652d0, 0x0a465400, 0x0a800000)
 Metaspace       used 10056K, capacity 10261K, committed 10368K, reserved 10624K
}
Event: 17.438 GC heap before
{Heap before GC invocations=143 (full 0):
 def new generation   total 4928K, used 4658K [0x04800000, 0x04d50000, 0x09d50000)
  eden space 4416K, 100% used [0x04800000, 0x04c50000, 0x04c50000)
  from space 512K,  47% used [0x04cd0000, 0x04d0cbc8, 0x04d50000)
  to   space 512K,   0% used [0x04c50000, 0x04c50000, 0x04cd0000)
 tenured generation   total 10944K, used 7252K [0x09d50000, 0x0a800000, 0x14800000)
   the space 10944K,  66% used [0x09d50000, 0x0a4652d0, 0x0a465400, 0x0a800000)
 Metaspace       used 10056K, capacity 10261K, committed 10368K, reserved 10624K
Event: 17.440 GC heap after
Heap after GC invocations=144 (full 0):
 def new generation   total 4928K, used 242K [0x04800000, 0x04d50000, 0x09d50000)
  eden space 4416K,   0% used [0x04800000, 0x04800000, 0x04c50000)
  from space 512K,  47% used [0x04c50000, 0x04c8cbc8, 0x04cd0000)
  to   space 512K,   0% used [0x04cd0000, 0x04cd0000, 0x04d50000)
 tenured generation   total 10944K, used 7258K [0x09d50000, 0x0a800000, 0x14800000)
   the space 10944K,  66% used [0x09d50000, 0x0a4668b0, 0x0a466a00, 0x0a800000)
 Metaspace       used 10056K, capacity 10261K, committed 10368K, reserved 10624K
}
Event: 17.545 GC heap before
{Heap before GC invocations=144 (full 0):
 def new generation   total 4928K, used 4658K [0x04800000, 0x04d50000, 0x09d50000)
  eden space 4416K, 100% used [0x04800000, 0x04c50000, 0x04c50000)
  from space 512K,  47% used [0x04c50000, 0x04c8cbc8, 0x04cd0000)
  to   space 512K,   0% used [0x04cd0000, 0x04cd0000, 0x04d50000)
 tenured generation   total 10944K, used 7258K [0x09d50000, 0x0a800000, 0x14800000)
   the space 10944K,  66% used [0x09d50000, 0x0a4668b0, 0x0a466a00, 0x0a800000)
 Metaspace       used 10056K, capacity 10261K, committed 10368K, reserved 10624K
Event: 17.546 GC heap after
Heap after GC invocations=145 (full 0):
 def new generation   total 4928K, used 242K [0x04800000, 0x04d50000, 0x09d50000)
  eden space 4416K,   0% used [0x04800000, 0x04800000, 0x04c50000)
  from space 512K,  47% used [0x04cd0000, 0x04d0cbc8, 0x04d50000)
  to   space 512K,   0% used [0x04c50000, 0x04c50000, 0x04cd0000)
 tenured generation   total 10944K, used 7263K [0x09d50000, 0x0a800000, 0x14800000)
   the space 10944K,  66% used [0x09d50000, 0x0a467e90, 0x0a468000, 0x0a800000)
 Metaspace       used 10056K, capacity 10261K, committed 10368K, reserved 10624K
}

